Using pre-set license
Built from '2020.3/staging' branch; Version is '2020.3.40f1 (ba48d4efcef1) revision 12208340'; Using compiler version '192528614'; Build Type 'Release'
OS: 'Windows 10  (10.0.19044) 64bit Core' Language: 'en' Physical Memory: 7609 MB
BatchMode: 1, IsHumanControllingUs: 0, StartBugReporterOnCrash: 0, Is64bit: 1, IsPro: 0

COMMAND LINE ARGUMENTS:
C:\Program Files\Unity\Hub\Editor\2020.3.40f1\Editor\Unity.exe
-adb2
-batchMode
-noUpm
-name
AssetImportWorker0
-projectPath
C:/Users/dylan/Desktop/CreateWithCode/Unit 1/Prototype 1
-logFile
Logs/AssetImportWorker0.log
-srvPort
62743
Successfully changed project path to: C:/Users/dylan/Desktop/CreateWithCode/Unit 1/Prototype 1
C:/Users/dylan/Desktop/CreateWithCode/Unit 1/Prototype 1
Using Asset Import Pipeline V2.
Refreshing native plugins compatible for Editor in 48.60 ms, found 2 plugins.
Preloading 0 native plugins for Editor in 0.00 ms.
Initialize engine version: 2020.3.40f1 (ba48d4efcef1)
[Subsystems] Discovering subsystems at path C:/Program Files/Unity/Hub/Editor/2020.3.40f1/Editor/Data/Resources/UnitySubsystems
[Subsystems] Discovering subsystems at path C:/Users/dylan/Desktop/CreateWithCode/Unit 1/Prototype 1/Assets
GfxDevice: creating device client; threaded=0
Direct3D:
    Version:  Direct3D 11.0 [level 11.1]
    Renderer: Intel(R) HD Graphics Family (ID=0xa16)
    Vendor:   
    VRAM:     2048 MB
    Driver:   20.19.15.5126
Initialize mono
Mono path[0] = 'C:/Program Files/Unity/Hub/Editor/2020.3.40f1/Editor/Data/Managed'
Mono path[1] = 'C:/Program Files/Unity/Hub/Editor/2020.3.40f1/Editor/Data/MonoBleedingEdge/lib/mono/unityjit'
Mono config path = 'C:/Program Files/Unity/Hub/Editor/2020.3.40f1/Editor/Data/MonoBleedingEdge/etc'
Using monoOptions --debugger-agent=transport=dt_socket,embedding=1,server=y,suspend=n,address=127.0.0.1:56296
Begin MonoManager ReloadAssembly
Registering precompiled unity dll's ...
Register platform support module: C:/Program Files/Unity/Hub/Editor/2020.3.40f1/Editor/Data/PlaybackEngines/WindowsStandaloneSupport/UnityEditor.WindowsStandalone.Extensions.dll
Registered in 0.004466 seconds.
Native extension for WindowsStandalone target not found
Refreshing native plugins compatible for Editor in 39.87 ms, found 2 plugins.
Preloading 0 native plugins for Editor in 0.00 ms.
Mono: successfully reloaded assembly
- Completed reload, in  0.964 seconds
Domain Reload Profiling:
	ReloadAssembly (964ms)
		BeginReloadAssembly (200ms)
			ExecutionOrderSort (0ms)
			DisableScriptedObjects (0ms)
			BackupInstance (0ms)
			ReleaseScriptingObjects (0ms)
			CreateAndSetChildDomain (3ms)
		EndReloadAssembly (653ms)
			LoadAssemblies (191ms)
			RebuildTransferFunctionScriptingTraits (0ms)
			SetupTypeCache (251ms)
			ReleaseScriptCaches (0ms)
			RebuildScriptCaches (41ms)
			SetupLoadedEditorAssemblies (216ms)
				LogAssemblyErrors (0ms)
				InitializePlatformSupportModulesInManaged (6ms)
				SetLoadedEditorAssemblies (0ms)
				RefreshPlugins (40ms)
				BeforeProcessingInitializeOnLoad (13ms)
				ProcessInitializeOnLoadAttributes (111ms)
				ProcessInitializeOnLoadMethodAttributes (45ms)
				AfterProcessingInitializeOnLoad (0ms)
				EditorAssembliesLoaded (0ms)
			ExecutionOrderSort2 (0ms)
			AwakeInstancesAfterBackupRestoration (0ms)
Platform modules already initialized, skipping
Registering precompiled user dll's ...
Registered in 0.007556 seconds.
Begin MonoManager ReloadAssembly
Native extension for WindowsStandalone target not found
Refreshing native plugins compatible for Editor in 0.39 ms, found 2 plugins.
Preloading 0 native plugins for Editor in 0.00 ms.
Mono: successfully reloaded assembly
- Completed reload, in  1.840 seconds
Domain Reload Profiling:
	ReloadAssembly (1842ms)
		BeginReloadAssembly (236ms)
			ExecutionOrderSort (0ms)
			DisableScriptedObjects (6ms)
			BackupInstance (0ms)
			ReleaseScriptingObjects (0ms)
			CreateAndSetChildDomain (24ms)
		EndReloadAssembly (1499ms)
			LoadAssemblies (160ms)
			RebuildTransferFunctionScriptingTraits (0ms)
			SetupTypeCache (410ms)
			ReleaseScriptCaches (0ms)
			RebuildScriptCaches (53ms)
			SetupLoadedEditorAssemblies (748ms)
				LogAssemblyErrors (0ms)
				InitializePlatformSupportModulesInManaged (6ms)
				SetLoadedEditorAssemblies (1ms)
				RefreshPlugins (0ms)
				BeforeProcessingInitializeOnLoad (83ms)
				ProcessInitializeOnLoadAttributes (358ms)
				ProcessInitializeOnLoadMethodAttributes (254ms)
				AfterProcessingInitializeOnLoad (45ms)
				EditorAssembliesLoaded (1ms)
			ExecutionOrderSort2 (0ms)
			AwakeInstancesAfterBackupRestoration (5ms)
Platform modules already initialized, skipping
========================================================================
Worker process is ready to serve import requests
Launched and connected shader compiler UnityShaderCompiler.exe after 0.06 seconds
Refreshing native plugins compatible for Editor in 0.76 ms, found 2 plugins.
Preloading 0 native plugins for Editor in 0.00 ms.
Unloading 1526 Unused Serialized files (Serialized files now loaded: 0)
System memory in use before: 70.4 MB.
System memory in use after: 70.4 MB.

Unloading 17 unused Assets to reduce memory usage. Loaded Objects now: 1962.
Total: 4.194900 ms (FindLiveObjects: 0.201600 ms CreateObjectMapping: 0.150000 ms MarkObjects: 3.733200 ms  DeleteObjects: 0.108600 ms)

AssetImportParameters requested are different than current active one (requested -> active):
  custom:framework-win-MediaFoundation: 216162199b28c13a410421893ffa2e32 -> 
  custom:video-decoder-ogg-theora: a1e56fd34408186e4bbccfd4996cb3dc -> 
  custom:container-muxer-webm: aa71ff27fc2769a1b78a27578f13a17b -> 
  custom:container-demuxer-webm: 4f35f7cbe854078d1ac9338744f61a02 -> 
  custom:container-demuxer-ogg: 62fdf1f143b41e24485cea50d1cbac27 -> 
  custom:video-encoder-webm-vp8: eb34c28f22e8b96e1ab97ce403110664 -> 
  custom:video-decoder-webm-vp8: 9c59270c3fd7afecdb556c50c9e8de78 -> 
  custom:audio-decoder-ogg-vorbis: bf7c407c2cedff20999df2af8eb42d56 -> 
  custom:audio-encoder-webm-vorbis: bf7c407c2cedff20999df2af8eb42d56 -> 
========================================================================
Received Import Request.
  path: Assets/Scenes/Prototype 1.unity
  artifactKey: Guid(84729eeda748340d0955715b6a50b370) Importer(815301076,1909f56bfc062723c751e8b465ee728b)
Start importing Assets/Scenes/Prototype 1.unity using Guid(84729eeda748340d0955715b6a50b370) Importer(815301076,1909f56bfc062723c751e8b465ee728b)  -> (artifact id: 'c9000978d53ad13a7ae4eda1146f42a1') in 0.037921 seconds 
========================================================================
Received Import Request.
  Time since last request: 843.623408 seconds.
  path: Assets/Course Library/Vehicles/Veh_Armor_Car_01.prefab
  artifactKey: Guid(aea2a6cdcc9d7944090d528486ebaee1) Importer(815301076,1909f56bfc062723c751e8b465ee728b)
Start importing Assets/Course Library/Vehicles/Veh_Armor_Car_01.prefab using Guid(aea2a6cdcc9d7944090d528486ebaee1) Importer(815301076,1909f56bfc062723c751e8b465ee728b)  -> (artifact id: '2836952901077c30dea1e18c36eec3f3') in 0.674967 seconds 
========================================================================
Received Import Request.
  Time since last request: 0.000313 seconds.
  path: Assets/Course Library/Vehicles/Veh_Car_Blue_Z.prefab
  artifactKey: Guid(09082afec7b5e824ca611a0cc3264bcd) Importer(815301076,1909f56bfc062723c751e8b465ee728b)
Start importing Assets/Course Library/Vehicles/Veh_Car_Blue_Z.prefab using Guid(09082afec7b5e824ca611a0cc3264bcd) Importer(815301076,1909f56bfc062723c751e8b465ee728b)  -> (artifact id: '0a2647a5a0f430ec619c854b82d40558') in 0.219081 seconds 
========================================================================
Received Import Request.
  Time since last request: 0.000300 seconds.
  path: Assets/Course Library/Vehicles/Veh_Bus_Blue_Z.prefab
  artifactKey: Guid(da59e5a3713884d4f9e9667c2befa1a4) Importer(815301076,1909f56bfc062723c751e8b465ee728b)
Start importing Assets/Course Library/Vehicles/Veh_Bus_Blue_Z.prefab using Guid(da59e5a3713884d4f9e9667c2befa1a4) Importer(815301076,1909f56bfc062723c751e8b465ee728b)  -> (artifact id: 'ed2b95140408947c25e865cb5cf3870c') in 0.091133 seconds 
========================================================================
Received Import Request.
  Time since last request: 0.000225 seconds.
  path: Assets/Course Library/Vehicles/Veh_Ute_Red_Z.prefab
  artifactKey: Guid(70bf34f6c25c948458f254e87188b00b) Importer(815301076,1909f56bfc062723c751e8b465ee728b)
Start importing Assets/Course Library/Vehicles/Veh_Ute_Red_Z.prefab using Guid(70bf34f6c25c948458f254e87188b00b) Importer(815301076,1909f56bfc062723c751e8b465ee728b)  -> (artifact id: '52f352ec2c739fd8e1436ebd6e80fad8') in 0.078600 seconds 
========================================================================
Received Import Request.
  Time since last request: 0.000275 seconds.
  path: Assets/Course Library/Vehicles/Veh_Van_Green_Z.prefab
  artifactKey: Guid(68840c673a0b18e41a044ed077548d55) Importer(815301076,1909f56bfc062723c751e8b465ee728b)
Start importing Assets/Course Library/Vehicles/Veh_Van_Green_Z.prefab using Guid(68840c673a0b18e41a044ed077548d55) Importer(815301076,1909f56bfc062723c751e8b465ee728b)  -> (artifact id: 'f8522967de202e1d7fbc8d7f763e44f2') in 0.084042 seconds 
========================================================================
Received Import Request.
  Time since last request: 509.374593 seconds.
  path: Assets/Course Library/Obstacles/Barrel_02.prefab
  artifactKey: Guid(cb04eea70ee14ab49b68d12e2cbbf680) Importer(815301076,1909f56bfc062723c751e8b465ee728b)
Start importing Assets/Course Library/Obstacles/Barrel_02.prefab using Guid(cb04eea70ee14ab49b68d12e2cbbf680) Importer(815301076,1909f56bfc062723c751e8b465ee728b)  -> (artifact id: '3fb62c54559bcbe037aed9905a8fb9d7') in 0.047357 seconds 
========================================================================
Received Import Request.
  Time since last request: 0.000284 seconds.
  path: Assets/Course Library/Obstacles/Prop_Spool_02.prefab
  artifactKey: Guid(3daef342e8f3f9548b04424eac7d4d0d) Importer(815301076,1909f56bfc062723c751e8b465ee728b)
Start importing Assets/Course Library/Obstacles/Prop_Spool_02.prefab using Guid(3daef342e8f3f9548b04424eac7d4d0d) Importer(815301076,1909f56bfc062723c751e8b465ee728b)  -> (artifact id: '7334db3949e2526389a07f67b91f526d') in 0.094202 seconds 
========================================================================
Received Import Request.
  Time since last request: 0.000387 seconds.
  path: Assets/Course Library/Obstacles/SM_Rock_Boulder_01.prefab
  artifactKey: Guid(cdcb19fde9e8cba40b7bff849baf2c1b) Importer(815301076,1909f56bfc062723c751e8b465ee728b)
Start importing Assets/Course Library/Obstacles/SM_Rock_Boulder_01.prefab using Guid(cdcb19fde9e8cba40b7bff849baf2c1b) Importer(815301076,1909f56bfc062723c751e8b465ee728b)  -> (artifact id: 'f81a21ae019fce5180ed1aca1aa83ccb') in 0.251911 seconds 
========================================================================
Received Import Request.
  Time since last request: 0.000299 seconds.
  path: Assets/Course Library/Obstacles/Prop_Barrier02.prefab
  artifactKey: Guid(367149bd17c4d4d4e8868ec6a5cf8d45) Importer(815301076,1909f56bfc062723c751e8b465ee728b)
Start importing Assets/Course Library/Obstacles/Prop_Barrier02.prefab using Guid(367149bd17c4d4d4e8868ec6a5cf8d45) Importer(815301076,1909f56bfc062723c751e8b465ee728b)  -> (artifact id: '9469092443be4e71b03dc074b404910c') in 0.269449 seconds 
========================================================================
Received Import Request.
  Time since last request: 0.000262 seconds.
  path: Assets/Course Library/Obstacles/Crate_01.prefab
  artifactKey: Guid(71782582b9d2cac4cba5251a3b767d13) Importer(815301076,1909f56bfc062723c751e8b465ee728b)
Start importing Assets/Course Library/Obstacles/Crate_01.prefab using Guid(71782582b9d2cac4cba5251a3b767d13) Importer(815301076,1909f56bfc062723c751e8b465ee728b)  -> (artifact id: 'dbc0487fd20f189aa1806cfbdcd7074b') in 0.081502 seconds 
========================================================================
Received Import Request.
  Time since last request: 0.000643 seconds.
  path: Assets/Course Library/Obstacles/Prop_Cone_01.prefab
  artifactKey: Guid(46f9eda5f45584fb3ad05abcd7af6df2) Importer(815301076,1909f56bfc062723c751e8b465ee728b)
Start importing Assets/Course Library/Obstacles/Prop_Cone_01.prefab using Guid(46f9eda5f45584fb3ad05abcd7af6df2) Importer(815301076,1909f56bfc062723c751e8b465ee728b)  -> (artifact id: '66a18b5a93587a980853a65bee85c00b') in 0.089811 seconds 
========================================================================
Received Prepare
Registering precompiled user dll's ...
Registered in 0.009852 seconds.
Begin MonoManager ReloadAssembly
Native extension for WindowsStandalone target not found
Refreshing native plugins compatible for Editor in 0.42 ms, found 2 plugins.
Preloading 0 native plugins for Editor in 0.00 ms.
Mono: successfully reloaded assembly
- Completed reload, in  4.036 seconds
Domain Reload Profiling:
	ReloadAssembly (4036ms)
		BeginReloadAssembly (252ms)
			ExecutionOrderSort (0ms)
			DisableScriptedObjects (7ms)
			BackupInstance (0ms)
			ReleaseScriptingObjects (0ms)
			CreateAndSetChildDomain (53ms)
		EndReloadAssembly (2761ms)
			LoadAssemblies (622ms)
			RebuildTransferFunctionScriptingTraits (0ms)
			SetupTypeCache (719ms)
			ReleaseScriptCaches (1ms)
			RebuildScriptCaches (70ms)
			SetupLoadedEditorAssemblies (1257ms)
				LogAssemblyErrors (0ms)
				InitializePlatformSupportModulesInManaged (7ms)
				SetLoadedEditorAssemblies (1ms)
				RefreshPlugins (1ms)
				BeforeProcessingInitializeOnLoad (100ms)
				ProcessInitializeOnLoadAttributes (1050ms)
				ProcessInitializeOnLoadMethodAttributes (63ms)
				AfterProcessingInitializeOnLoad (34ms)
				EditorAssembliesLoaded (2ms)
			ExecutionOrderSort2 (0ms)
			AwakeInstancesAfterBackupRestoration (7ms)
Platform modules already initialized, skipping
Refreshing native plugins compatible for Editor in 0.80 ms, found 2 plugins.
Preloading 0 native plugins for Editor in 0.00 ms.
Unloading 1521 Unused Serialized files (Serialized files now loaded: 0)
System memory in use before: 73.8 MB.
System memory in use after: 73.9 MB.

Unloading 12 unused Assets to reduce memory usage. Loaded Objects now: 1974.
Total: 5.625100 ms (FindLiveObjects: 0.165900 ms CreateObjectMapping: 0.074100 ms MarkObjects: 5.291000 ms  DeleteObjects: 0.092500 ms)

AssetImportParameters requested are different than current active one (requested -> active):
  custom:framework-win-MediaFoundation: 216162199b28c13a410421893ffa2e32 -> 
  custom:video-decoder-ogg-theora: a1e56fd34408186e4bbccfd4996cb3dc -> 
  custom:container-muxer-webm: aa71ff27fc2769a1b78a27578f13a17b -> 
  custom:container-demuxer-webm: 4f35f7cbe854078d1ac9338744f61a02 -> 
  custom:container-demuxer-ogg: 62fdf1f143b41e24485cea50d1cbac27 -> 
  custom:video-encoder-webm-vp8: eb34c28f22e8b96e1ab97ce403110664 -> 
  custom:video-decoder-webm-vp8: 9c59270c3fd7afecdb556c50c9e8de78 -> 
  custom:audio-decoder-ogg-vorbis: bf7c407c2cedff20999df2af8eb42d56 -> 
  custom:audio-encoder-webm-vorbis: bf7c407c2cedff20999df2af8eb42d56 -> 
========================================================================
Received Prepare
Registering precompiled user dll's ...
Registered in 0.006837 seconds.
Begin MonoManager ReloadAssembly
Native extension for WindowsStandalone target not found
Refreshing native plugins compatible for Editor in 0.46 ms, found 2 plugins.
Preloading 0 native plugins for Editor in 0.00 ms.
Mono: successfully reloaded assembly
- Completed reload, in  2.456 seconds
Domain Reload Profiling:
	ReloadAssembly (2459ms)
		BeginReloadAssembly (318ms)
			ExecutionOrderSort (0ms)
			DisableScriptedObjects (8ms)
			BackupInstance (0ms)
			ReleaseScriptingObjects (0ms)
			CreateAndSetChildDomain (99ms)
		EndReloadAssembly (2042ms)
			LoadAssemblies (160ms)
			RebuildTransferFunctionScriptingTraits (0ms)
			SetupTypeCache (406ms)
			ReleaseScriptCaches (1ms)
			RebuildScriptCaches (55ms)
			SetupLoadedEditorAssemblies (1298ms)
				LogAssemblyErrors (0ms)
				InitializePlatformSupportModulesInManaged (7ms)
				SetLoadedEditorAssemblies (2ms)
				RefreshPlugins (1ms)
				BeforeProcessingInitializeOnLoad (310ms)
				ProcessInitializeOnLoadAttributes (887ms)
				ProcessInitializeOnLoadMethodAttributes (44ms)
				AfterProcessingInitializeOnLoad (48ms)
				EditorAssembliesLoaded (1ms)
			ExecutionOrderSort2 (0ms)
			AwakeInstancesAfterBackupRestoration (6ms)
Platform modules already initialized, skipping
Refreshing native plugins compatible for Editor in 0.70 ms, found 2 plugins.
Preloading 0 native plugins for Editor in 0.00 ms.
Unloading 1521 Unused Serialized files (Serialized files now loaded: 0)
System memory in use before: 73.8 MB.
System memory in use after: 73.9 MB.

Unloading 12 unused Assets to reduce memory usage. Loaded Objects now: 1977.
Total: 3.869200 ms (FindLiveObjects: 0.212000 ms CreateObjectMapping: 0.142700 ms MarkObjects: 3.436100 ms  DeleteObjects: 0.076900 ms)

AssetImportParameters requested are different than current active one (requested -> active):
  custom:framework-win-MediaFoundation: 216162199b28c13a410421893ffa2e32 -> 
  custom:video-decoder-ogg-theora: a1e56fd34408186e4bbccfd4996cb3dc -> 
  custom:container-muxer-webm: aa71ff27fc2769a1b78a27578f13a17b -> 
  custom:container-demuxer-webm: 4f35f7cbe854078d1ac9338744f61a02 -> 
  custom:container-demuxer-ogg: 62fdf1f143b41e24485cea50d1cbac27 -> 
  custom:video-encoder-webm-vp8: eb34c28f22e8b96e1ab97ce403110664 -> 
  custom:video-decoder-webm-vp8: 9c59270c3fd7afecdb556c50c9e8de78 -> 
  custom:audio-decoder-ogg-vorbis: bf7c407c2cedff20999df2af8eb42d56 -> 
  custom:audio-encoder-webm-vorbis: bf7c407c2cedff20999df2af8eb42d56 -> 
AssetImportWorkerClient::OnTransportError - code=2 error=End of file
